1457363041|/php.train/index.php?id=log|
1457363043|/php.train/index.php?id=log|
1457363044|/php.train/index.php?id=log|
1457363045|/php.train/index.php?id=log|
1457363045|/php.train/index.php?id=log|
1457363046|/php.train/index.php?id=log|
1457363046|/php.train/index.php?id=log|
1457363046|/php.train/index.php?id=log|
1457363092|/php.train/index.php?id=log|
1457363110|/php.train/index.php?id=log|
1457363114|/php.train/index.php?id=log|
1457363114|/php.train/index.php?id=log|
1457363115|/php.train/index.php?id=log|
1457363131|/php.train/index.php?id=log|
1457363132|/php.train/index.php?id=log|
1457363166|/php.train/index.php?id=log|
1457363191|/php.train/index.php?id=log|
1457363199|/php.train/index.php?id=log|
1457363251|/php.train/index.php?id=log|
1457363262|/php.train/index.php?id=log|
1457363280|/php.train/index.php?id=log|
1457363358|/php.train/index.php?id=log|
1457363388|/php.train/index.php?id=log|
1457363418|/php.train/index.php?id=log|
1457363492|/php.train/index.php?id=log|
1457363537|/php.train/index.php?id=log|
1457363553|/php.train/index.php?id=log|
1457363554|/php.train/index.php?id=log|
1457363623|/php.train/index.php?id=log|
1457363633|/php.train/index.php?id=log|
1457363648|/php.train/index.php?id=log|
1457363670|/php.train/index.php?id=log|
1457363679|/php.train/index.php?id=log|
1457363722|/php.train/index.php?id=log|
1457363730|/php.train/index.php?id=log|
1457363734|/php.train/index.php?id=log|
1457363766|/php.train/index.php?id=log|
1457363798|/php.train/index.php?id=log|
1457363819|/php.train/index.php?id=log|
1457363857|/php.train/index.php?id=log|
1457363859|/php.train/index.php?id=log|
1457363966|/php.train/index.php?id=log|
1457363989|/php.train/index.php?id=log|
1457364001|/php.train/index.php?id=log|
1457364049|/php.train/index.php?id=log|
1457364098|/php.train/index.php?id=log|
1457364204|/php.train/index.php?id=log|
1457364206|/php.train/index.php?id=log|
1457364207|/php.train/index.php?id=log|
1457364213|/php.train/index.php?id=log|
1457364215|/php.train/index.php?id=log|
1457364252|/php.train/index.php?id=log|
1457364252|/php.train/index.php?id=log|
1457364253|/php.train/index.php?id=log|
1457364480|/php.train/index.php?id=log|
1457364716|/php.train/index.php?id=log|
1457364729|/php.train/index.php?id=log|
1457364742|/php.train/index.php?id=log|
1457364774|/php.train/index.php?id=log|
1457364795|/php.train/index.php?id=log|
1457364806|/php.train/index.php?id=log|
1457364827|/php.train/index.php?id=log|
1457364831|/php.train/index.php?id=log|
1457364843|/php.train/index.php?id=log|
1457364857|/php.train/index.php?id=log|
1457364861|/php.train/index.php?id=log|
1457364884|/php.train/index.php?id=log|
1457381817|/php.train/index.php?id=contact|
1457381894|/php.train/index.php?id=contact|
1457381903|/php.train/index.php?id=contact|
1457473310|/php.train/index.php|
1457473365|/php.train/index.php|
1457473366|/php.train/index.php|
1457473367|/php.train/index.php|
1457473367|/php.train/index.php|
1457473393|/php.train/index.php|
1457473454|/php.train/index.php|
1457473597|/php.train/index.php|
1457473598|/php.train/index.php|
1457474010|/php.train/index.php|
1457474021|/php.train/index.php|
1457534532|/php.train/|
1457534535|/php.train/index.php?id=gbook|
1457534550|/php.train/index.php?id=gbook|
1457534629|/php.train/index.php?id=gbook|
1457534687|/php.train/index.php?id=gbook|
1457534941|/php.train/index.php?id=gbook|
1457534960|/php.train/index.php?id=gbook|
1457534988|/php.train/index.php?id=gbook|
1457535061|/php.train/index.php?id=gbook|
1457535081|/php.train/index.php?id=gbook|
1457535136|/php.train/index.php?id=gbook|
1457535175|/php.train/index.php?id=gbook|
1457535225|/php.train/index.php?id=gbook|
1457535228|/php.train/index.php?id=gbook|
1457535300|/php.train/index.php?id=gbook|
1457535322|/php.train/index.php?id=gbook|
1457535473|/php.train/index.php?id=gbook|
1457535533|/php.train/index.php?id=gbook|
1457535573|/php.train/index.php?id=gbook|
1457535760|/php.train/index.php?id=gbook|
1457535828|/php.train/index.php?id=gbook|
1457535931|/php.train/index.php?id=gbook|
1457535979|/php.train/index.php?id=gbook|
1457535981|/php.train/index.php?id=gbook|
1457536025|/php.train/index.php?id=gbook|
1457536032|/php.train/index.php?id=gbook|
1457536071|/php.train/index.php?id=gbook|
1457536072|/php.train/index.php?id=gbook|
1457536073|/php.train/index.php?id=gbook|
1457536079|/php.train/index.php?id=gbook|
1457536093|/php.train/index.php?id=gbook|
1457536172|/php.train/index.php?id=gbook|
1457536192|/php.train/index.php?id=gbook|
1457536280|/php.train/index.php?id=gbook|
1457536463|/php.train/index.php?id=gbook|
1457536490|/php.train/index.php?id=gbook|
1457536521|/php.train/index.php?id=gbook|
1457536537|/php.train/index.php?id=gbook|
1457536573|/php.train/index.php?id=gbook|
1457536608|/php.train/index.php?id=gbook|
1457536665|/php.train/index.php?id=gbook|
1457536682|/php.train/index.php?id=gbook|
1457536735|/php.train/index.php?id=gbook|
1457536759|/php.train/index.php?id=gbook|
1457536957|/php.train/index.php?id=gbook|
1457536971|/php.train/index.php?id=gbook|
1457536989|/php.train/index.php?id=gbook|
1457537016|/php.train/index.php?id=gbook|
1457537041|/php.train/index.php?id=gbook|
1457537063|/php.train/index.php?id=gbook|
1457537130|/php.train/index.php?id=gbook|
1457537159|/php.train/index.php?id=gbook|
1457537161|/php.train/index.php?id=gbook|
1457537179|/php.train/index.php?id=gbook|
1457537205|/php.train/index.php?id=gbook|
1457537207|/php.train/index.php?id=gbook|
1457537278|/php.train/index.php?id=gbook|
1457537279|/php.train/index.php?id=gbook|
1457537285|/php.train/index.php?id=gbook|
1457537331|/php.train/index.php?id=gbook|
1457537368|/php.train/index.php?id=gbook|
1457537501|/php.train/index.php?id=gbook|
1457537502|/php.train/index.php?id=gbook|
1457537504|/php.train/index.php?id=gbook|
1457537510|/php.train/index.php?id=gbook|
1457537542|/php.train/index.php?id=gbook|
1457537556|/php.train/index.php?id=gbook|
1457537568|/php.train/index.php?id=gbook|
1457537575|/php.train/index.php?id=gbook&del=1|
1457537585|/php.train/index.php?id=gbook&del=1|
1457537874|/php.train/index.php?id=gbook&del=1|
1457537914|/php.train/index.php?id=gbook&del=1|
1457537951|/php.train/index.php?id=gbook&del=1|
1457537953|/php.train/index.php?id=gbook|
1457537963|/php.train/index.php?id=gbook|
1457537969|/php.train/index.php?id=gbook|
1457537984|/php.train/index.php?id=gbook&del=1|
1457537987|/php.train/index.php?id=gbook&del=1|
1457537990|/php.train/index.php?id=gbook&del=1|
1457537997|/php.train/index.php?id=gbook&del=1|
1457538047|/php.train/index.php?id=gbook&del=1|
1457538057|/php.train/index.php?id=gbook&del=1|
1457538070|/php.train/index.php?id=gbook&del=1|
1457538075|/php.train/index.php?id=gbook&del=58|
1457538078|/php.train/index.php?id=gbook&del=60|
1457538081|/php.train/index.php?id=gbook&del=61|
1457538083|/php.train/index.php?id=gbook&del=62|
1457538085|/php.train/index.php?id=gbook&del=57|
1457538088|/php.train/index.php?id=gbook&del=64|
1457538090|/php.train/index.php?id=gbook&del=65|
1457538092|/php.train/index.php?id=gbook&del=66|
1457538094|/php.train/index.php?id=gbook&del=67|
1457538095|/php.train/index.php?id=gbook&del=68|
1457538096|/php.train/index.php?id=gbook&del=69|
1457538098|/php.train/index.php?id=gbook&del=70|
1457538099|/php.train/index.php?id=gbook&del=71|
1457538102|/php.train/index.php?id=gbook&del=72|
1457538103|/php.train/index.php?id=gbook&del=73|
1457538105|/php.train/index.php?id=gbook&del=74|
1457538106|/php.train/index.php?id=gbook&del=75|
1457538108|/php.train/index.php?id=gbook&del=76|
1457538109|/php.train/index.php?id=gbook&del=77|
1457538111|/php.train/index.php?id=gbook&del=78|
1457538112|/php.train/index.php?id=gbook&del=63|
1457538114|/php.train/index.php?id=gbook&del=80|
1457538116|/php.train/index.php?id=gbook&del=81|
1457538117|/php.train/index.php?id=gbook&del=82|
1457538119|/php.train/index.php?id=gbook&del=83|
1457538123|/php.train/index.php?id=gbook&del=45|
1457538127|/php.train/index.php?id=gbook&del=85|
1457538164|/php.train/index.php?id=gbook&del=85|
1457538170|/php.train/index.php?id=gbook&del=86|
1457538172|/php.train/index.php?id=gbook&del=84|
1457538173|/php.train/index.php?id=gbook&del=79|
1457538175|/php.train/index.php?id=gbook&del=59|
1457538177|/php.train/index.php?id=gbook&del=56|
1457538178|/php.train/index.php?id=gbook&del=55|
1457538179|/php.train/index.php?id=gbook&del=54|
1457538180|/php.train/index.php?id=gbook&del=53|
1457538182|/php.train/index.php?id=gbook&del=52|
1457538183|/php.train/index.php?id=gbook&del=51|
1457538184|/php.train/index.php?id=gbook&del=50|
1457538185|/php.train/index.php?id=gbook&del=49|
1457538186|/php.train/index.php?id=gbook&del=48|
1457538186|/php.train/index.php?id=gbook&del=47|
1457538187|/php.train/index.php?id=gbook&del=46|
1457538207|/php.train/index.php?id=gbook|
1457538245|/php.train/index.php?id=gbook|
1457538257|/php.train/index.php?id=gbook&del=41|
1457538267|/php.train/index.php?id=gbook&del=3|
1457538416|/php.train/index.php?id=gbook&del=3|
1457538418|/php.train/index.php?id=gbook&del=3|
1457647247|/php.train/index.php?id=gbook&del=3|
1457647247|/php.train/index.php?id=gbook&del=3|
1457647252|/php.train/index.php?id=gbook&del=3|
1457647253|/php.train/index.php?id=gbook&del=3|
1457647355|/php.train/index.php?id=gbook&del=88|
1457647355|/php.train/index.php?id=gbook&del=88|
1457647355|/php.train/index.php?id=gbook&del=88|
1457647355|/php.train/index.php?id=gbook&del=88|
1457647355|/php.train/index.php?id=gbook&del=88|
1457647355|/php.train/index.php?id=gbook&del=88|
1457647355|/php.train/index.php?id=gbook&del=88|
1457647355|/php.train/index.php?id=gbook&del=88|
1457647355|/php.train/index.php?id=gbook&del=88|
1457647355|/php.train/index.php?id=gbook&del=88|
1457647355|/php.train/index.php?id=gbook&del=88|
1457647355|/php.train/index.php?id=gbook&del=88|
1457647355|/php.train/index.php?id=gbook&del=88|
1457647355|/php.train/index.php?id=gbook&del=88|
1457647356|/php.train/index.php?id=gbook&del=88|
1457647356|/php.train/index.php?id=gbook&del=88|
1457647356|/php.train/index.php?id=gbook&del=88|
1457647356|/php.train/index.php?id=gbook&del=88|
1457647356|/php.train/index.php?id=gbook&del=88|
1457647356|/php.train/index.php?id=gbook&del=88|
1457647356|/php.train/index.php?id=gbook&del=88|
1457647356|/php.train/index.php?id=gbook&del=88|
1457647356|/php.train/index.php?id=gbook&del=88|
1457647356|/php.train/index.php?id=gbook&del=88|
1457647356|/php.train/index.php?id=gbook&del=88|
1457647356|/php.train/index.php?id=gbook&del=88|
1457647356|/php.train/index.php?id=gbook&del=88|
1457647356|/php.train/index.php?id=gbook&del=88|
1457647356|/php.train/index.php?id=gbook&del=88|
1457647356|/php.train/index.php?id=gbook&del=88|
1457647356|/php.train/index.php?id=gbook&del=88|
1457647356|/php.train/index.php?id=gbook&del=88|
1457647356|/php.train/index.php?id=gbook&del=88|
1457647356|/php.train/index.php?id=gbook&del=88|
1457647356|/php.train/index.php?id=gbook&del=88|
1457647356|/php.train/index.php?id=gbook&del=88|
1457647356|/php.train/index.php?id=gbook&del=88|
1457647356|/php.train/index.php?id=gbook&del=88|
1457647356|/php.train/index.php?id=gbook&del=88|
1457647356|/php.train/index.php?id=gbook&del=88|
1457647356|/php.train/index.php?id=gbook&del=88|
1457647356|/php.train/index.php?id=gbook&del=88|
1457647361|/php.train/index.php?id=gbook&del=88|
1457647361|/php.train/index.php?id=gbook&del=88|
1457647361|/php.train/index.php?id=gbook&del=88|
1457647361|/php.train/index.php?id=gbook&del=88|
1457647361|/php.train/index.php?id=gbook&del=88|
1457647361|/php.train/index.php?id=gbook&del=88|
1457647361|/php.train/index.php?id=gbook&del=88|
1457647361|/php.train/index.php?id=gbook&del=88|
1457647361|/php.train/index.php?id=gbook&del=88|
1457647361|/php.train/index.php?id=gbook&del=88|
1457647361|/php.train/index.php?id=gbook&del=88|
1457647361|/php.train/index.php?id=gbook&del=88|
1457647361|/php.train/index.php?id=gbook&del=88|
1457647361|/php.train/index.php?id=gbook&del=88|
1457647361|/php.train/index.php?id=gbook&del=88|
1457647361|/php.train/index.php?id=gbook&del=88|
1457647361|/php.train/index.php?id=gbook&del=88|
1457647361|/php.train/index.php?id=gbook&del=88|
1457647361|/php.train/index.php?id=gbook&del=88|
1457647361|/php.train/index.php?id=gbook&del=88|
1457647361|/php.train/index.php?id=gbook&del=88|
1457647391|/php.train/index.php?id=gbook&del=88|
1457647391|/php.train/index.php?id=gbook&del=88|
1457647391|/php.train/index.php?id=gbook&del=88|
1457647391|/php.train/index.php?id=gbook&del=88|
1457647391|/php.train/index.php?id=gbook&del=88|
1457647391|/php.train/index.php?id=gbook&del=88|
1457647391|/php.train/index.php?id=gbook&del=88|
1457647391|/php.train/index.php?id=gbook&del=88|
1457647391|/php.train/index.php?id=gbook&del=88|
1457647391|/php.train/index.php?id=gbook&del=88|
1457647391|/php.train/index.php?id=gbook&del=88|
1457647391|/php.train/index.php?id=gbook&del=88|
1457647391|/php.train/index.php?id=gbook&del=88|
1457647391|/php.train/index.php?id=gbook&del=88|
1457647391|/php.train/index.php?id=gbook&del=88|
1457647391|/php.train/index.php?id=gbook&del=88|
1457647391|/php.train/index.php?id=gbook&del=88|
1457647391|/php.train/index.php?id=gbook&del=88|
1457647391|/php.train/index.php?id=gbook&del=88|
1457647391|/php.train/index.php?id=gbook&del=88|
1457647391|/php.train/index.php?id=gbook&del=88|
1457647451|/php.train/index.php?id=gbook&del=88|
1457647451|/php.train/index.php?id=gbook&del=88|
1457647451|/php.train/index.php?id=gbook&del=88|
1457647451|/php.train/index.php?id=gbook&del=88|
1457647451|/php.train/index.php?id=gbook&del=88|
1457647451|/php.train/index.php?id=gbook&del=88|
1457647451|/php.train/index.php?id=gbook&del=88|
1457647451|/php.train/index.php?id=gbook&del=88|
1457647451|/php.train/index.php?id=gbook&del=88|
1457647451|/php.train/index.php?id=gbook&del=88|
1457647451|/php.train/index.php?id=gbook&del=88|
1457647451|/php.train/index.php?id=gbook&del=88|
1457647451|/php.train/index.php?id=gbook&del=88|
1457647451|/php.train/index.php?id=gbook&del=88|
1457647451|/php.train/index.php?id=gbook&del=88|
1457647451|/php.train/index.php?id=gbook&del=88|
1457647451|/php.train/index.php?id=gbook&del=88|
1457647451|/php.train/index.php?id=gbook&del=88|
1457647451|/php.train/index.php?id=gbook&del=88|
1457647451|/php.train/index.php?id=gbook&del=88|
1457647451|/php.train/index.php?id=gbook&del=88|
1457647609|/php.train/index.php?id=gbook|
1457647611|/php.train/index.php?id=gbook&del=87|
1457647611|/php.train/index.php?id=gbook|
1457647613|/php.train/index.php?id=gbook|
1457647614|/php.train/index.php?id=gbook|
1457647614|/php.train/index.php?id=gbook|
1457647615|/php.train/index.php?id=gbook|
1457694780|/php.train/|
1457694787|/php.train/index.php?id=gbook|
1457694822|/php.train/index.php?id=info|
1457694824|/php.train/index.php?id=gbook|
1457694828|/php.train/index.php?id=log|
1457694833|/php.train/index.php?id=contact|
1457694834|/php.train/index.php?id=about|
1457694835|/php.train/index.php?id=info|
1457694836|/php.train/index.php?id=gbook|
1457694839|/php.train/index.php|
1457694844|/php.train/index.php?id=log|
1457713773|/php.train/index.php?id=gbook|
1457713774|/php.train/index.php?id=gbook|
1457713775|/php.train/index.php?id=gbook|
1457724336|/php.train/index.php|
1457724339|/php.train/index.php?id=gbook|
1457724358|/php.train/index.php?id=gbook|
1457984044|/php.train/index.php|
1460486360|/php.train/index.php|
1460486362|/php.train/index.php?id=about|
1460486363|/php.train/index.php?id=info|
1460486365|/php.train/index.php?id=gbook|
1460486367|/php.train/index.php?id=log|
1462512052|/php.train/index.php?id=calc|
1462512056|/php.train/|
1462513933|/php.train/index.php?id=calc|
1466761876|/github/php-train-2/|
1466761886|/github/php-train-2/index.php?id=gbook|
